Flutter crash report.
Please report a bug at https://github.com/flutter/flutter/issues.

## command

flutter run --print-dtd --machine --device-id chrome --target lib/main.dart

## exception

_TypeError: Null check operator used on a null value

```
#0      currentPackageConfig (package:flutter_tools/src/dart/package_map.dart:16:56)
#1      loadDwdsDirectory (package:flutter_tools/src/isolated/web_server_utilities.dart:36:45)
#2      WebAssetServer.start (package:flutter_tools/src/isolated/web_asset_server.dart:315:39)
<asynchronous suspension>
#3      WebDevFS.create (package:flutter_tools/src/isolated/devfs_web.dart:205:22)
<asynchronous suspension>
#4      ResidentWebRunner.run.<anonymous closure> (package:flutter_tools/src/isolated/resident_web_runner.dart:328:19)
<asynchronous suspension>
#5      asyncGuard.<anonymous closure> (package:flutter_tools/src/base/async_guard.dart:108:24)
<asynchronous suspension>
```

## flutter doctor

```
[✓] Flutter (Channel stable, 3.41.2, on macOS 26.2 25C56 darwin-arm64, locale en-IN) [107ms]
    • Flutter version 3.41.2 on channel stable at /Users/anandsadasivan/flutter
    • Upstream repository https://github.com/flutter/flutter.git
    • Framework revision 90673a4eef (6 weeks ago), 2026-02-18 13:54:59 -0800
    • Engine revision 6c0baaebf7
    • Dart version 3.11.0
    • DevTools version 2.54.1
    • Feature flags: enable-web, enable-linux-desktop, enable-macos-desktop, enable-windows-desktop, enable-android, enable-ios, cli-animations, enable-native-assets, omit-legacy-version-file, enable-lldb-debugging, enable-uiscene-migration

[✓] Android toolchain - develop for Android devices (Android SDK version 36.1.0) [2.8s]
    • Android SDK at /Users/anandsadasivan/Library/Android/sdk
    • Emulator version 36.4.9.0 (build_id 14788078) (CL:N/A)
    • Platform android-36, build-tools 36.1.0
    • ANDROID_HOME = /Users/anandsadasivan/Library/Android/sdk
    • Java binary at: /Applications/Android Studio.app/Contents/jbr/Contents/Home/bin/java
      This is the JDK bundled with the latest Android Studio installation on this machine.
      To manually set the JDK path, use: `flutter config --jdk-dir="path/to/jdk"`.
    • Java version OpenJDK Runtime Environment (build 21.0.8+-14196175-b1038.72)
    • All Android licenses accepted.

[✗] Xcode - develop for iOS and macOS [57ms]
    ✗ Xcode installation is incomplete; a full installation is necessary for iOS and macOS development.
      Download at: https://developer.apple.com/xcode/
      Or install Xcode via the App Store.
      Once installed, run:
        sudo xcode-select --switch /Applications/Xcode.app/Contents/Developer
        sudo xcodebuild -runFirstLaunch
    ✗ CocoaPods not installed.
        CocoaPods is a package manager for iOS or macOS platform code.
        Without CocoaPods, plugins will not work on iOS or macOS.
        For more info, see https://flutter.dev/to/platform-plugins
      For installation instructions, see https://guides.cocoapods.org/using/getting-started.html#installation

[✓] Chrome - develop for the web [23ms]
    • Chrome at /Applications/Google Chrome.app/Contents/MacOS/Google Chrome

[✓] Connected device (2 available) [73ms]
    • macOS (desktop) • macos  • darwin-arm64   • macOS 26.2 25C56 darwin-arm64
    • Chrome (web)    • chrome • web-javascript • Google Chrome 146.0.7680.165

[✓] Network resources [510ms]
    • All expected network resources are available.

! Doctor found issues in 1 category.
```
