Launching lib/main.dart on sdk gphone64 arm64 in debug mode...
Running Gradle task 'assembleDebug'...                          
I/flutter ( 7523): {"timestamp":"2026-03-29T05:30:15.209521Z","level":"CRITICAL","message":"flutter_framework_exception","fields":{"library":"rendering library","context":"during paint()"},"error":"'package:flutter/src/rendering/box.dart': Failed assertion: line 2251 pos 12: 'hasSize': RenderBox was not laid out: RenderPhysicalShape#4c2ac relayoutBoundary=up28","stack_trace":"#0      _AssertionError._doThrowNew (dart:core-patch/errors_patch.dart:67:4)\n#1      _AssertionError._throwNew (dart:core-patch/errors_patch.dart:49:5)\n#2      RenderBox.size (package:flutter/src/rendering/box.dart:2251:12)\n#3      _RenderCustomClip._updateClip (package:flutter/src/rendering/proxy_box.dart:1556:33)\n#4      RenderPhysicalShape.paint (package:flutter/src/rendering/proxy_box.dart:2317:5)\n#5      RenderObject._paintWithContext (package:flutter/src/rendering/object.dart:3429:7)\n#6      PaintingContext.paintChild (package:flutter/src/rendering/object.dart:265:13)\n#7      RenderProxyBoxMixin.paint (package:flutter/src/rendering/proxy_box.
I/flutter ( 7523): {"timestamp":"2026-03-29T05:30:16.093151Z","level":"CRITICAL","message":"flutter_framework_exception","fields":{"library":"rendering library","context":"during paint()"},"error":"'package:flutter/src/rendering/box.dart': Failed assertion: line 2251 pos 12: 'hasSize': RenderBox was not laid out: RenderPhysicalShape#4c2ac relayoutBoundary=up28","stack_trace":"#0      _AssertionError._doThrowNew (dart:core-patch/errors_patch.dart:67:4)\n#1      _AssertionError._throwNew (dart:core-patch/errors_patch.dart:49:5)\n#2      RenderBox.size (package:flutter/src/rendering/box.dart:2251:12)\n#3      _RenderCustomClip._updateClip (package:flutter/src/rendering/proxy_box.dart:1556:33)\n#4      RenderPhysicalShape.paint (package:flutter/src/rendering/proxy_box.dart:2317:5)\n#5      RenderObject._paintWithContext (package:flutter/src/rendering/object.dart:3429:7)\n#6      PaintingContext.paintChild (package:flutter/src/rendering/object.dart:265:13)\n#7      RenderProxyBoxMixin.paint (package:flutter/src/rendering/proxy_box.
I/flutter ( 7523): {"timestamp":"2026-03-29T05:30:16.109211Z","level":"CRITICAL","message":"flutter_framework_exception","fields":{"library":"rendering library","context":"during paint()"},"error":"'package:flutter/src/rendering/box.dart': Failed assertion: line 2251 pos 12: 'hasSize': RenderBox was not laid out: RenderPhysicalShape#4c2ac relayoutBoundary=up28","stack_trace":"#0      _AssertionError._doThrowNew (dart:core-patch/errors_patch.dart:67:4)\n#1      _AssertionError._throwNew (dart:core-patch/errors_patch.dart:49:5)\n#2      RenderBox.size (package:flutter/src/rendering/box.dart:2251:12)\n#3      _RenderCustomClip._updateClip (package:flutter/src/rendering/proxy_box.dart:1556:33)\n#4      RenderPhysicalShape.paint (package:flutter/src/rendering/proxy_box.dart:2317:5)\n#5      RenderObject._paintWithContext (package:flutter/src/rendering/object.dart:3429:7)\n#6      PaintingContext.paintChild (package:flutter/src/rendering/object.dart:265:13)\n#7      RenderProxyBoxMixin.paint (package:flutter/src/rendering/proxy_box.
I/flutter ( 7523): {"timestamp":"2026-03-29T05:30:16.994065Z","level":"CRITICAL","message":"flutter_framework_exception","fields":{"library":"rendering library","context":"during paint()"},"error":"'package:flutter/src/rendering/box.dart': Failed assertion: line 2251 pos 12: 'hasSize': RenderBox was not laid out: RenderPhysicalShape#4c2ac relayoutBoundary=up28","stack_trace":"#0      _AssertionError._doThrowNew (dart:core-patch/errors_patch.dart:67:4)\n#1      _AssertionError._throwNew (dart:core-patch/errors_patch.dart:49:5)\n#2      RenderBox.size (package:flutter/src/rendering/box.dart:2251:12)\n#3      _RenderCustomClip._updateClip (package:flutter/src/rendering/proxy_box.dart:1556:33)\n#4      RenderPhysicalShape.paint (package:flutter/src/rendering/proxy_box.dart:2317:5)\n#5      RenderObject._paintWithContext (package:flutter/src/rendering/object.dart:3429:7)\n#6      PaintingContext.paintChild (package:flutter/src/rendering/object.dart:265:13)\n#7      RenderProxyBoxMixin.paint (package:flutter/src/rendering/proxy_box.
I/flutter ( 7523): {"timestamp":"2026-03-29T05:30:17.010007Z","level":"CRITICAL","message":"flutter_framework_exception","fields":{"library":"rendering library","context":"during paint()"},"error":"'package:flutter/src/rendering/box.dart': Failed assertion: line 2251 pos 12: 'hasSize': RenderBox was not laid out: RenderPhysicalShape#4c2ac relayoutBoundary=up28","stack_trace":"#0      _AssertionError._doThrowNew (dart:core-patch/errors_patch.dart:67:4)\n#1      _AssertionError._throwNew (dart:core-patch/errors_patch.dart:49:5)\n#2      RenderBox.size (package:flutter/src/rendering/box.dart:2251:12)\n#3      _RenderCustomClip._updateClip (package:flutter/src/rendering/proxy_box.dart:1556:33)\n#4      RenderPhysicalShape.paint (package:flutter/src/rendering/proxy_box.dart:2317:5)\n#5      RenderObject._paintWithContext (package:flutter/src/rendering/object.dart:3429:7)\n#6      PaintingContext.paintChild (package:flutter/src/rendering/object.dart:265:13)\n#7      RenderProxyBoxMixin.paint (package:flutter/src/rendering/proxy_box.
I/flutter ( 7523): {"timestamp":"2026-03-29T05:30:17.891425Z","level":"CRITICAL","message":"flutter_framework_exception","fields":{"library":"rendering library","context":"during paint()"},"error":"'package:flutter/src/rendering/box.dart': Failed assertion: line 2251 pos 12: 'hasSize': RenderBox was not laid out: RenderPhysicalShape#4c2ac relayoutBoundary=up28","stack_trace":"#0      _AssertionError._doThrowNew (dart:core-patch/errors_patch.dart:67:4)\n#1      _AssertionError._throwNew (dart:core-patch/errors_patch.dart:49:5)\n#2      RenderBox.size (package:flutter/src/rendering/box.dart:2251:12)\n#3      _RenderCustomClip._updateClip (package:flutter/src/rendering/proxy_box.dart:1556:33)\n#4      RenderPhysicalShape.paint (package:flutter/src/rendering/proxy_box.dart:2317:5)\n#5      RenderObject._paintWithContext (package:flutter/src/rendering/object.dart:3429:7)\n#6      PaintingContext.paintChild (package:flutter/src/rendering/object.dart:265:13)\n#7      RenderProxyBoxMixin.paint (package:flutter/src/rendering/proxy_box.
I/flutter ( 7523): {"timestamp":"2026-03-29T05:30:17.908192Z","level":"CRITICAL","message":"flutter_framework_exception","fields":{"library":"rendering library","context":"during paint()"},"error":"'package:flutter/src/rendering/box.dart': Failed assertion: line 2251 pos 12: 'hasSize': RenderBox was not laid out: RenderPhysicalShape#4c2ac relayoutBoundary=up28","stack_trace":"#0      _AssertionError._doThrowNew (dart:core-patch/errors_patch.dart:67:4)\n#1      _AssertionError._throwNew (dart:core-patch/errors_patch.dart:49:5)\n#2      RenderBox.size (package:flutter/src/rendering/box.dart:2251:12)\n#3      _RenderCustomClip._updateClip (package:flutter/src/rendering/proxy_box.dart:1556:33)\n#4      RenderPhysicalShape.paint (package:flutter/src/rendering/proxy_box.dart:2317:5)\n#5      RenderObject._paintWithContext (package:flutter/src/rendering/object.dart:3429:7)\n#6      PaintingContext.paintChild (package:flutter/src/rendering/object.dart:265:13)\n#7      RenderProxyBoxMixin.paint (package:flutter/src/rendering/proxy_box.
I/flutter ( 7523): {"timestamp":"2026-03-29T05:30:18.791950Z","level":"CRITICAL","message":"flutter_framework_exception","fields":{"library":"rendering library","context":"during paint()"},"error":"'package:flutter/src/rendering/box.dart': Failed assertion: line 2251 pos 12: 'hasSize': RenderBox was not laid out: RenderPhysicalShape#4c2ac relayoutBoundary=up28","stack_trace":"#0      _AssertionError._doThrowNew (dart:core-patch/errors_patch.dart:67:4)\n#1      _AssertionError._throwNew (dart:core-patch/errors_patch.dart:49:5)\n#2      RenderBox.size (package:flutter/src/rendering/box.dart:2251:12)\n#3      _RenderCustomClip._updateClip (package:flutter/src/rendering/proxy_box.dart:1556:33)\n#4      RenderPhysicalShape.paint (package:flutter/src/rendering/proxy_box.dart:2317:5)\n#5      RenderObject._paintWithContext (package:flutter/src/rendering/object.dart:3429:7)\n#6      PaintingContext.paintChild (package:flutter/src/rendering/object.dart:265:13)\n#7      RenderProxyBoxMixin.paint (package:flutter/src/rendering/proxy_box.
I/flutter ( 7523): {"timestamp":"2026-03-29T05:30:18.808124Z","level":"CRITICAL","message":"flutter_framework_exception","fields":{"library":"rendering library","context":"during paint()"},"error":"'package:flutter/src/rendering/box.dart': Failed assertion: line 2251 pos 12: 'hasSize': RenderBox was not laid out: RenderPhysicalShape#4c2ac relayoutBoundary=up28","stack_trace":"#0      _AssertionError._doThrowNew (dart:core-patch/errors_patch.dart:67:4)\n#1      _AssertionError._throwNew (dart:core-patch/errors_patch.dart:49:5)\n#2      RenderBox.size (package:flutter/src/rendering/box.dart:2251:12)\n#3      _RenderCustomClip._updateClip (package:flutter/src/rendering/proxy_box.dart:1556:33)\n#4      RenderPhysicalShape.paint (package:flutter/src/rendering/proxy_box.dart:2317:5)\n#5      RenderObject._paintWithContext (package:flutter/src/rendering/object.dart:3429:7)\n#6      PaintingContext.paintChild (package:flutter/src/rendering/object.dart:265:13)\n#7      RenderProxyBoxMixin.paint (package:flutter/src/rendering/proxy_box.
I/flutter ( 7523): {"timestamp":"2026-03-29T05:30:19.692078Z","level":"CRITICAL","message":"flutter_framework_exception","fields":{"library":"rendering library","context":"during paint()"},"error":"'package:flutter/src/rendering/box.dart': Failed assertion: line 2251 pos 12: 'hasSize': RenderBox was not laid out: RenderPhysicalShape#4c2ac relayoutBoundary=up28","stack_trace":"#0      _AssertionError._doThrowNew (dart:core-patch/errors_patch.dart:67:4)\n#1      _AssertionError._throwNew (dart:core-patch/errors_patch.dart:49:5)\n#2      RenderBox.size (package:flutter/src/rendering/box.dart:2251:12)\n#3      _RenderCustomClip._updateClip (package:flutter/src/rendering/proxy_box.dart:1556:33)\n#4      RenderPhysicalShape.paint (package:flutter/src/rendering/proxy_box.dart:2317:5)\n#5      RenderObject._paintWithContext (package:flutter/src/rendering/object.dart:3429:7)\n#6      PaintingContext.paintChild (package:flutter/src/rendering/object.dart:265:13)\n#7      RenderProxyBoxMixin.paint (package:flutter/src/rendering/proxy_box.
I/flutter ( 7523): {"timestamp":"2026-03-29T05:30:19.709021Z","level":"CRITICAL","message":"flutter_framework_exception","fields":{"library":"rendering library","context":"during paint()"},"error":"'package:flutter/src/rendering/box.dart': Failed assertion: line 2251 pos 12: 'hasSize': RenderBox was not laid out: RenderPhysicalShape#4c2ac relayoutBoundary=up28","stack_trace":"#0      _AssertionError._doThrowNew (dart:core-patch/errors_patch.dart:67:4)\n#1      _AssertionError._throwNew (dart:core-patch/errors_patch.dart:49:5)\n#2      RenderBox.size (package:flutter/src/rendering/box.dart:2251:12)\n#3      _RenderCustomClip._updateClip (package:flutter/src/rendering/proxy_box.dart:1556:33)\n#4      RenderPhysicalShape.paint (package:flutter/src/rendering/proxy_box.dart:2317:5)\n#5      RenderObject._paintWithContext (package:flutter/src/rendering/object.dart:3429:7)\n#6      PaintingContext.paintChild (package:flutter/src/rendering/object.dart:265:13)\n#7      RenderProxyBoxMixin.paint (package:flutter/src/rendering/proxy_box.
I/flutter ( 7523): {"timestamp":"2026-03-29T05:30:20.591975Z","level":"CRITICAL","message":"flutter_framework_exception","fields":{"library":"rendering library","context":"during paint()"},"error":"'package:flutter/src/rendering/box.dart': Failed assertion: line 2251 pos 12: 'hasSize': RenderBox was not laid out: RenderPhysicalShape#4c2ac relayoutBoundary=up28","stack_trace":"#0      _AssertionError._doThrowNew (dart:core-patch/errors_patch.dart:67:4)\n#1      _AssertionError._throwNew (dart:core-patch/errors_patch.dart:49:5)\n#2      RenderBox.size (package:flutter/src/rendering/box.dart:2251:12)\n#3      _RenderCustomClip._updateClip (package:flutter/src/rendering/proxy_box.dart:1556:33)\n#4      RenderPhysicalShape.paint (package:flutter/src/rendering/proxy_box.dart:2317:5)\n#5      RenderObject._paintWithContext (package:flutter/src/rendering/object.dart:3429:7)\n#6      PaintingContext.paintChild (package:flutter/src/rendering/object.dart:265:13)\n#7      RenderProxyBoxMixin.paint (package:flutter/src/rendering/proxy_box.
I/flutter ( 7523): {"timestamp":"2026-03-29T05:30:20.608508Z","level":"CRITICAL","message":"flutter_framework_exception","fields":{"library":"rendering library","context":"during paint()"},"error":"'package:flutter/src/rendering/box.dart': Failed assertion: line 2251 pos 12: 'hasSize': RenderBox was not laid out: RenderPhysicalShape#4c2ac relayoutBoundary=up28","stack_trace":"#0      _AssertionError._doThrowNew (dart:core-patch/errors_patch.dart:67:4)\n#1      _AssertionError._throwNew (dart:core-patch/errors_patch.dart:49:5)\n#2      RenderBox.size (package:flutter/src/rendering/box.dart:2251:12)\n#3      _RenderCustomClip._updateClip (package:flutter/src/rendering/proxy_box.dart:1556:33)\n#4      RenderPhysicalShape.paint (package:flutter/src/rendering/proxy_box.dart:2317:5)\n#5      RenderObject._paintWithContext (package:flutter/src/rendering/object.dart:3429:7)\n#6      PaintingContext.paintChild (package:flutter/src/rendering/object.dart:265:13)\n#7      RenderProxyBoxMixin.paint (package:flutter/src/rendering/proxy_box.
I/flutter ( 7523): {"timestamp":"2026-03-29T05:30:21.494813Z","level":"CRITICAL","message":"flutter_framework_exception","fields":{"library":"rendering library","context":"during paint()"},"error":"'package:flutter/src/rendering/box.dart': Failed assertion: line 2251 pos 12: 'hasSize': RenderBox was not laid out: RenderPhysicalShape#4c2ac relayoutBoundary=up28","stack_trace":"#0      _AssertionError._doThrowNew (dart:core-patch/errors_patch.dart:67:4)\n#1      _AssertionError._throwNew (dart:core-patch/errors_patch.dart:49:5)\n#2      RenderBox.size (package:flutter/src/rendering/box.dart:2251:12)\n#3      _RenderCustomClip._updateClip (package:flutter/src/rendering/proxy_box.dart:1556:33)\n#4      RenderPhysicalShape.paint (package:flutter/src/rendering/proxy_box.dart:2317:5)\n#5      RenderObject._paintWithContext (package:flutter/src/rendering/object.dart:3429:7)\n#6      PaintingContext.paintChild (package:flutter/src/rendering/object.dart:265:13)\n#7      RenderProxyBoxMixin.paint (package:flutter/src/rendering/proxy_box.
I/flutter ( 7523): {"timestamp":"2026-03-29T05:30:21.509055Z","level":"CRITICAL","message":"flutter_framework_exception","fields":{"library":"rendering library","context":"during paint()"},"error":"'package:flutter/src/rendering/box.dart': Failed assertion: line 2251 pos 12: 'hasSize': RenderBox was not laid out: RenderPhysicalShape#4c2ac relayoutBoundary=up28","stack_trace":"#0      _AssertionError._doThrowNew (dart:core-patch/errors_patch.dart:67:4)\n#1      _AssertionError._throwNew (dart:core-patch/errors_patch.dart:49:5)\n#2      RenderBox.size (package:flutter/src/rendering/box.dart:2251:12)\n#3      _RenderCustomClip._updateClip (package:flutter/src/rendering/proxy_box.dart:1556:33)\n#4      RenderPhysicalShape.paint (package:flutter/src/rendering/proxy_box.dart:2317:5)\n#5      RenderObject._paintWithContext (package:flutter/src/rendering/object.dart:3429:7)\n#6      PaintingContext.paintChild (package:flutter/src/rendering/object.dart:265:13)\n#7      RenderProxyBoxMixin.paint (package:flutter/src/rendering/proxy_box.
Running Gradle task 'assembleDebug'...                              6.8s
✓ Built build/app/outputs/flutter-apk/app-debug.apk
I/flutter ( 7523): {"timestamp":"2026-03-29T05:30:22.391488Z","level":"CRITICAL","message":"flutter_framework_exception","fields":{"library":"rendering library","context":"during paint()"},"error":"'package:flutter/src/rendering/box.dart': Failed assertion: line 2251 pos 12: 'hasSize': RenderBox was not laid out: RenderPhysicalShape#4c2ac relayoutBoundary=up28","stack_trace":"#0      _AssertionError._doThrowNew (dart:core-patch/errors_patch.dart:67:4)\n#1      _AssertionError._throwNew (dart:core-patch/errors_patch.dart:49:5)\n#2      RenderBox.size (package:flutter/src/rendering/box.dart:2251:12)\n#3      _RenderCustomClip._updateClip (package:flutter/src/rendering/proxy_box.dart:1556:33)\n#4      RenderPhysicalShape.paint (package:flutter/src/rendering/proxy_box.dart:2317:5)\n#5      RenderObject._paintWithContext (package:flutter/src/rendering/object.dart:3429:7)\n#6      PaintingContext.paintChild (package:flutter/src/rendering/object.dart:265:13)\n#7      RenderProxyBoxMixin.paint (package:flutter/src/rendering/proxy_box.
I/flutter ( 7523): {"timestamp":"2026-03-29T05:30:22.410720Z","level":"CRITICAL","message":"flutter_framework_exception","fields":{"library":"rendering library","context":"during paint()"},"error":"'package:flutter/src/rendering/box.dart': Failed assertion: line 2251 pos 12: 'hasSize': RenderBox was not laid out: RenderPhysicalShape#4c2ac relayoutBoundary=up28","stack_trace":"#0      _AssertionError._doThrowNew (dart:core-patch/errors_patch.dart:67:4)\n#1      _AssertionError._throwNew (dart:core-patch/errors_patch.dart:49:5)\n#2      RenderBox.size (package:flutter/src/rendering/box.dart:2251:12)\n#3      _RenderCustomClip._updateClip (package:flutter/src/rendering/proxy_box.dart:1556:33)\n#4      RenderPhysicalShape.paint (package:flutter/src/rendering/proxy_box.dart:2317:5)\n#5      RenderObject._paintWithContext (package:flutter/src/rendering/object.dart:3429:7)\n#6      PaintingContext.paintChild (package:flutter/src/rendering/object.dart:265:13)\n#7      RenderProxyBoxMixin.paint (package:flutter/src/rendering/proxy_box.
Installing build/app/outputs/flutter-apk/app-debug.apk...        1,791ms
D/FlutterJNI( 8202): Beginning load of flutter...
D/FlutterJNI( 8202): flutter (null) was loaded normally!
I/flutter ( 8202): [IMPORTANT:flutter/shell/platform/android/android_context_gl_impeller.cc(104)] Using the Impeller rendering backend (OpenGLES).
D/FlutterRenderer( 8202): Width is zero. 0,0
Syncing files to device sdk gphone64 arm64...                       77ms
I/flutter ( 8202): supabase.supabase_flutter: INFO: ***** Supabase init completed ***** 

Flutter run key commands.
r Hot reload. 🔥🔥🔥
R Hot restart.
h List all available interactive commands.
d Detach (terminate "flutter run" but leave application running).
c Clear the screen
q Quit (terminate the application on the device).

A Dart VM Service on sdk gphone64 arm64 is available at: http://127.0.0.1:64907/BHOtE1nqaAs=/
The Flutter DevTools debugger and profiler on sdk gphone64 arm64 is available at: http://127.0.0.1:64907/BHOtE1nqaAs=/devtools/?uri=ws://127.0.0.1:64907/BHOtE1nqaAs=/ws
I/Choreographer( 8202): Skipped 83 frames!  The application may be doing too much work on its main thread.
D/WindowOnBackDispatcher( 8202): setTopOnBackInvokedCallback (unwrapped): android.app.Activity$$ExternalSyntheticLambda0@da048b5
I/WindowExtensionsImpl( 8202): Initializing Window Extensions, vendor API level=9, activity embedding enabled=true
D/VRI[MainActivity]( 8202): WindowInsets changed: 1080x2400 statusBars:[0,63,0,0] navigationBars:[0,0,0,63] mandatorySystemGestures:[0,63,0,84] 
D/FlutterRenderer( 8202): Width is zero. 0,0
D/FlutterRenderer( 8202): Width is zero. 0,0
D/FlutterJNI( 8202): Sending viewport metrics to the engine.
D/FlutterJNI( 8202): Sending viewport metrics to the engine.
D/WindowLayoutComponentImpl( 8202): Register WindowLayoutInfoListener on Context=com.verified_dating.verified_dating_app.MainActivity@1590649, of which baseContext=android.app.ContextImpl@495088b
D/FlutterJNI( 8202): Sending viewport metrics to the engine.
D/InsetsController( 8202): hide(ime())
I/ImeTracker( 8202): com.verified_dating.verified_dating_app:10439f8f: onCancelled at PHASE_CLIENT_ALREADY_HIDDEN
I/fied_dating_app( 8202): Compiler allocated 5145KB to compile void android.view.ViewRootImpl.performTraversals()
D/ProfileInstaller( 8202): Installing profile for com.verified_dating.verified_dating_app
W/fied_dating_app( 8202): userfaultfd: MOVE ioctl seems unsupported: Connection timed out
D/WindowOnBackDispatcher( 8202): setTopOnBackInvokedCallback (unwrapped): io.flutter.embedding.android.FlutterActivity$1@13d2a7b
I/HWUI    ( 8202): Using FreeType backend (prop=Auto)
I/ImeTracker( 8202): com.verified_dating.verified_dating_app:3eaef018: onRequestShow at ORIGIN_CLIENT reason SHOW_SOFT_INPUT fromUser false
D/InsetsController( 8202): show(ime())
D/InsetsController( 8202): Setting requestedVisibleTypes to 511 (was 503)
I/ImeTracker( 8202): com.verified_dating.verified_dating_app:49c46725: onRequestShow at ORIGIN_CLIENT reason SHOW_SOFT_INPUT fromUser false
D/InsetsController( 8202): show(ime())
I/ImeTracker( 8202): com.verified_dating.verified_dating_app:49c46725: onCancelled at PHASE_CLIENT_REPORT_REQUESTED_VISIBLE_TYPES
D/InputConnectionAdaptor( 8202): The input method toggled cursor monitoring on
I/AssistStructure( 8202): Flattened final assist data: 568 bytes, containing 1 windows, 3 views
D/WindowOnBackDispatcher( 8202): setTopOnBackInvokedCallback (unwrapped): android.view.ImeBackAnimationController@4a758ae
W/InteractionJankMonitor( 8202): Initializing without READ_DEVICE_CONFIG permission. enabled=false, interval=1, missedFrameThreshold=3, frameTimeThreshold=64, package=com.verified_dating.verified_dating_app
D/FlutterJNI( 8202): Sending viewport metrics to the engine.
D/FlutterJNI( 8202): Sending viewport metrics to the engine.
D/FlutterJNI( 8202): Sending viewport metrics to the engine.
D/FlutterJNI( 8202): Sending viewport metrics to the engine.
D/FlutterJNI( 8202): Sending viewport metrics to the engine.
D/FlutterJNI( 8202): Sending viewport metrics to the engine.
D/FlutterJNI( 8202): Sending viewport metrics to the engine.
D/FlutterJNI( 8202): Sending viewport metrics to the engine.
D/FlutterJNI( 8202): Sending viewport metrics to the engine.
D/FlutterJNI( 8202): Sending viewport metrics to the engine.
D/FlutterJNI( 8202): Sending viewport metrics to the engine.
I/ImeTracker( 8202): com.verified_dating.verified_dating_app:3eaef018: onShown
D/FlutterJNI( 8202): Sending viewport metrics to the engine.
D/FlutterJNI( 8202): Sending viewport metrics to the engine.
I/ImeTracker( 8202): com.verified_dating.verified_dating_app:8fec0d53: onRequestHide at ORIGIN_CLIENT reason HIDE_SOFT_INPUT fromUser false
D/InsetsController( 8202): hide(ime())
D/WindowOnBackDispatcher( 8202): setTopOnBackInvokedCallback (unwrapped): io.flutter.embedding.android.FlutterActivity$1@13d2a7b
D/InsetsController( 8202): Setting requestedVisibleTypes to 503 (was 511)
D/CompatChangeReporter( 8202): Compat change id reported: 395521150; UID 10227; state: ENABLED
D/FlutterJNI( 8202): Sending viewport metrics to the engine.
D/FlutterJNI( 8202): Sending viewport metrics to the engine.
I/ImeTracker( 8202): system_server:d9c5594: onCancelled at PHASE_CLIENT_ON_CONTROLS_CHANGED
D/FlutterJNI( 8202): Sending viewport metrics to the engine.
D/FlutterJNI( 8202): Sending viewport metrics to the engine.
D/FlutterJNI( 8202): Sending viewport metrics to the engine.
D/FlutterJNI( 8202): Sending viewport metrics to the engine.
D/FlutterJNI( 8202): Sending viewport metrics to the engine.
D/FlutterJNI( 8202): Sending viewport metrics to the engine.
D/FlutterJNI( 8202): Sending viewport metrics to the engine.
D/FlutterJNI( 8202): Sending viewport metrics to the engine.
D/FlutterJNI( 8202): Sending viewport metrics to the engine.
D/FlutterJNI( 8202): Sending viewport metrics to the engine.
D/FlutterJNI( 8202): Sending viewport metrics to the engine.
D/FlutterJNI( 8202): Sending viewport metrics to the engine.
I/flutter ( 8202): {"timestamp":"2026-03-29T05:31:54.426484Z","level":"CRITICAL","message":"flutter_framework_exception","fields":{"library":"rendering library","context":"during performLayout()"},"error":"BoxConstraints forces an infinite height.\nThese invalid constraints were provided to RenderConstrainedBox's layout() function by the following function, which probably computed the invalid constraints in question:\n  ChildLayoutHelper.layoutChild (package:flutter/src/rendering/layout_helper.dart:62:11)\nThe offending constraints were:\n  BoxConstraints(w=85.8, h=Infinity)","stack_trace":"#0      BoxConstraints.debugAssertIsValid.<anonymous closure>.throwError (package:flutter/src/rendering/box.dart:549:9)\n#1      BoxConstraints.debugAssertIsValid.<anonymous closure> (package:flutter/src/rendering/box.dart:614:11)\n#2      BoxConstraints.debugAssertIsValid (package:flutter/src/rendering/box.dart:619:6)\n#3      RenderObject.layout (package:flutter/src/rendering/object.dart:2668:19)\n#4      ChildLayoutHelper.layoutChild (pa
I/flutter ( 8202): {"timestamp":"2026-03-29T05:31:54.530354Z","level":"CRITICAL","message":"flutter_framework_exception","fields":{"library":"rendering library","context":"during performLayout()"},"error":"'package:flutter/src/rendering/box.dart': Failed assertion: line 2251 pos 12: 'hasSize': RenderBox was not laid out: RenderStack#b60d2 relayoutBoundary=up39 NEEDS-PAINT NEEDS-COMPOSITING-BITS-UPDATE","stack_trace":"#0      _AssertionError._doThrowNew (dart:core-patch/errors_patch.dart:67:4)\n#1      _AssertionError._throwNew (dart:core-patch/errors_patch.dart:49:5)\n#2      RenderBox.size (package:flutter/src/rendering/box.dart:2251:12)\n#3      RenderProxyBoxMixin.performLayout (package:flutter/src/rendering/proxy_box.dart:118:62)\n#4      _RenderCustomClip.performLayout (package:flutter/src/rendering/proxy_box.dart:1549:11)\n#5      RenderObject.layout (package:flutter/src/rendering/object.dart:2768:7)\n#6      RenderPositionedBox.performLayout (package:flutter/src/rendering/shifted_box.dart:484:14)\n#7      RenderObject.l

══╡ EXCEPTION CAUGHT BY RENDERING LIBRARY ╞═════════════════════════════════════════════════════════
The following assertion was thrown during performLayout():
BoxConstraints forces an infinite height.
These invalid constraints were provided to RenderConstrainedBox's layout() function by the following
function, which probably computed the invalid constraints in question:
  ChildLayoutHelper.layoutChild (package:flutter/src/rendering/layout_helper.dart:62:11)
The offending constraints were:
  BoxConstraints(w=85.8, h=Infinity)

The relevant error-causing widget was:
  Stack
  Stack:file:///Users/anandsadasivan/Documents/Workspaces/Development/GitHub/Dating%20apps/app/lib/core/theme/app_theme.dart:758:14

When the exception was thrown, this was the stack:
#0      BoxConstraints.debugAssertIsValid.<anonymous closure>.throwError (package:flutter/src/rendering/box.dart:549:9)
#1      BoxConstraints.debugAssertIsValid.<anonymous closure> (package:flutter/src/rendering/box.dart:614:11)
#2      BoxConstraints.debugAssertIsValid (package:flutter/src/rendering/box.dart:619:6)
#3      RenderObject.layout (package:flutter/src/rendering/object.dart:2668:19)
#4      ChildLayoutHelper.layoutChild (package:flutter/src/rendering/layout_helper.dart:62:11)
#5      RenderStack._computeSize (package:flutter/src/rendering/stack.dart:645:43)
#6      RenderStack.performLayout (package:flutter/src/rendering/stack.dart:680:12)
#7      RenderObject.layout (package:flutter/src/rendering/object.dart:2768:7)
#8      RenderProxyBoxMixin.performLayout (package:flutter/src/rendering/proxy_box.dart:118:18)
#9      _RenderCustomClip.performLayout (package:flutter/src/rendering/proxy_box.dart:1549:11)
#10     RenderObject.layout (package:flutter/src/rendering/object.dart:2768:7)
#11     RenderPositionedBox.performLayout (package:flutter/src/rendering/shifted_box.dart:484:14)
#12     RenderObject.layout (package:flutter/src/rendering/object.dart:2768:7)
#13     RenderPadding.performLayout (package:flutter/src/rendering/shifted_box.dart:262:12)
#14     RenderObject.layout (package:flutter/src/rendering/object.dart:2768:7)
#15     RenderProxyBoxMixin.performLayout (package:flutter/src/rendering/proxy_box.dart:118:18)
#16     RenderObject.layout (package:flutter/src/rendering/object.dart:2768:7)
#17     RenderProxyBoxMixin.performLayout (package:flutter/src/rendering/proxy_box.dart:118:18)
#18     RenderObject.layout (package:flutter/src/rendering/object.dart:2768:7)
#19     RenderProxyBoxMixin.performLayout (package:flutter/src/rendering/proxy_box.dart:118:18)
#20     RenderObject.layout (package:flutter/src/rendering/object.dart:2768:7)
#21     RenderProxyBoxMixin.performLayout (package:flutter/src/rendering/proxy_box.dart:118:18)
#22     RenderObject.layout (package:flutter/src/rendering/object.dart:2768:7)
#23     RenderProxyBoxMixin.performLayout (package:flutter/src/rendering/proxy_box.dart:118:18)
#24     RenderObject.layout (package:flutter/src/rendering/object.dart:2768:7)
#25     RenderProxyBoxMixin.performLayout (package:flutter/src/rendering/proxy_box.dart:118:18)
#26     RenderObject.layout (package:flutter/src/rendering/object.dart:2768:7)
#27     RenderProxyBoxMixin.performLayout (package:flutter/src/rendering/proxy_box.dart:118:18)
#28     RenderCustomPaint.performLayout (package:flutter/src/rendering/custom_paint.dart:574:11)
#29     RenderObject.layout (package:flutter/src/rendering/object.dart:2768:7)
#30     RenderProxyBoxMixin.performLayout (package:flutter/src/rendering/proxy_box.dart:118:18)
#31     _RenderCustomClip.performLayout (package:flutter/src/rendering/proxy_box.dart:1549:11)
#32     RenderObject.layout (package:flutter/src/rendering/object.dart:2768:7)
#33     RenderConstrainedBox.performLayout (package:flutter/src/rendering/proxy_box.dart:296:14)
#34     RenderObject.layout (package:flutter/src/rendering/object.dart:2768:7)
#35     ChildLayoutHelper.layoutChild (package:flutter/src/rendering/layout_helper.dart:62:11)
#36     _RenderInputPadding._computeSize (package:flutter/src/material/button_style_button.dart:698:41)
#37     _RenderInputPadding.performLayout (package:flutter/src/material/button_style_button.dart:728:12)
#38     RenderObject.layout (package:flutter/src/rendering/object.dart:2768:7)
#39     RenderProxyBoxMixin.performLayout (package:flutter/src/rendering/proxy_box.dart:118:18)
#40     RenderObject.layout (package:flutter/src/rendering/object.dart:2768:7)
#41     ChildLayoutHelper.layoutChild (package:flutter/src/rendering/layout_helper.dart:62:11)
#42     RenderFlex._computeSizes (package:flutter/src/rendering/flex.dart:1275:26)
#43     RenderFlex.performLayout (package:flutter/src/rendering/flex.dart:1329:32)
#44     RenderObject.layout (package:flutter/src/rendering/object.dart:2768:7)
#45     ChildLayoutHelper.layoutChild (package:flutter/src/rendering/layout_helper.dart:62:11)
#46     RenderFlex._computeSizes (package:flutter/src/rendering/flex.dart:1237:28)
#47     RenderFlex.performLayout (package:flutter/src/rendering/flex.dart:1329:32)
#48     RenderObject.layout (package:flutter/src/rendering/object.dart:2768:7)
#49     RenderPadding.performLayout (package:flutter/src/rendering/shifted_box.dart:262:12)
#50     RenderObject.layout (package:flutter/src/rendering/object.dart:2768:7)
#51     RenderProxyBoxMixin.performLayout (package:flutter/src/rendering/proxy_box.dart:118:18)
#52     RenderObject.layout (package:flutter/src/rendering/object.dart:2768:7)
#53     RenderProxyBoxMixin.performLayout (package:flutter/src/rendering/proxy_box.dart:118:18)
#54     RenderObject.layout (package:flutter/src/rendering/object.dart:2768:7)
#55     RenderProxyBoxMixin.performLayout (package:flutter/src/rendering/proxy_box.dart:118:18)
#56     _RenderCustomClip.performLayout (package:flutter/src/rendering/proxy_box.dart:1549:11)
#57     RenderObject.layout (package:flutter/src/rendering/object.dart:2768:7)
#58     ChildLayoutHelper.layoutChild (package:flutter/src/rendering/layout_helper.dart:62:11)
#59     RenderFlex._computeSizes (package:flutter/src/rendering/flex.dart:1237:28)
#60     RenderFlex.performLayout (package:flutter/src/rendering/flex.dart:1329:32)
#61     RenderObject.layout (package:flutter/src/rendering/object.dart:2768:7)
#62     RenderConstrainedBox.performLayout (package:flutter/src/rendering/proxy_box.dart:296:14)
#63     RenderObject.layout (package:flutter/src/rendering/object.dart:2768:7)
#64     RenderPositionedBox.performLayout (package:flutter/src/rendering/shifted_box.dart:484:14)
#65     RenderObject.layout (package:flutter/src/rendering/object.dart:2768:7)
#66     RenderPadding.performLayout (package:flutter/src/rendering/shifted_box.dart:262:12)
#67     RenderObject.layout (package:flutter/src/rendering/object.dart:2768:7)
#68     _RenderSingleChildViewport.performLayout (package:flutter/src/widgets/single_child_scroll_view.dart:502:14)
#69     RenderObject.layout (package:flutter/src/rendering/object.dart:2768:7)
#70     RenderProxyBoxMixin.performLayout (package:flutter/src/rendering/proxy_box.dart:118:18)
#71     RenderObject.layout (package:flutter/src/rendering/object.dart:2768:7)
#72     RenderProxyBoxMixin.performLayout (package:flutter/src/rendering/proxy_box.dart:118:18)
#73     RenderObject.layout (package:flutter/src/rendering/object.dart:2768:7)
#74     RenderProxyBoxMixin.performLayout (package:flutter/src/rendering/proxy_box.dart:118:18)
#75     RenderObject.layout (package:flutter/src/rendering/object.dart:2768:7)
#76     RenderProxyBoxMixin.performLayout (package:flutter/src/rendering/proxy_box.dart:118:18)
#77     RenderObject.layout (package:flutter/src/rendering/object.dart:2768:7)
#78     RenderProxyBoxMixin.performLayout (package:flutter/src/rendering/proxy_box.dart:118:18)
#79     RenderObject.layout (package:flutter/src/rendering/object.dart:2768:7)
#80     RenderProxyBoxMixin.performLayout (package:flutter/src/rendering/proxy_box.dart:118:18)
#81     RenderObject.layout (package:flutter/src/rendering/object.dart:2768:7)
#82     RenderProxyBoxMixin.performLayout (package:flutter/src/rendering/proxy_box.dart:118:18)
#83     RenderCustomPaint.performLayout (package:flutter/src/rendering/custom_paint.dart:574:11)
#84     RenderObject.layout (package:flutter/src/rendering/object.dart:2768:7)
#85     RenderProxyBoxMixin.performLayout (package:flutter/src/rendering/proxy_box.dart:118:18)
#86     RenderObject.layout (package:flutter/src/rendering/object.dart:2768:7)
#87     RenderProxyBoxMixin.performLayout (package:flutter/src/rendering/proxy_box.dart:118:18)
#88     _RenderCustomClip.performLayout (package:flutter/src/rendering/proxy_box.dart:1549:11)
#89     RenderObject.layout (package:flutter/src/rendering/object.dart:2768:7)
#90     ChildLayoutHelper.layoutChild (package:flutter/src/rendering/layout_helper.dart:62:11)
#91     RenderFlex._computeSizes (package:flutter/src/rendering/flex.dart:1275:26)
#92     RenderFlex.performLayout (package:flutter/src/rendering/flex.dart:1329:32)
#93     RenderObject.layout (package:flutter/src/rendering/object.dart:2768:7)
#94     RenderProxyBoxMixin.performLayout (package:flutter/src/rendering/proxy_box.dart:118:18)
#95     RenderObject.layout (package:flutter/src/rendering/object.dart:2768:7)
#96     RenderPadding.performLayout (package:flutter/src/rendering/shifted_box.dart:262:12)
#97     RenderObject.layout (package:flutter/src/rendering/object.dart:2768:7)
#98     RenderProxyBoxMixin.performLayout (package:flutter/src/rendering/proxy_box.dart:118:18)
#99     RenderObject.layout (package:flutter/src/rendering/object.dart:2768:7)
#100    MultiChildLayoutDelegate.layoutChild (package:flutter/src/rendering/custom_layout.dart:180:12)
#101    _ScaffoldLayout.performLayout (package:flutter/src/material/scaffold.dart:1111:7)
#102    MultiChildLayoutDelegate._callPerformLayout (package:flutter/src/rendering/custom_layout.dart:246:7)
#103    RenderCustomMultiChildLayoutBox.performLayout (package:flutter/src/rendering/custom_layout.dart:417:14)
#104    RenderObject._layoutWithoutResize (package:flutter/src/rendering/object.dart:2616:7)
#105    PipelineOwner.flushLayout (package:flutter/src/rendering/object.dart:1174:18)
#106    PipelineOwner.flushLayout (package:flutter/src/rendering/object.dart:1187:15)
#107    RendererBinding.drawFrame (package:flutter/src/rendering/binding.dart:629:23)
#108    WidgetsBinding.drawFrame (package:flutter/src/widgets/binding.dart:1304:13)
#109    RendererBinding._handlePersistentFrameCallback (package:flutter/src/rendering/binding.dart:495:5)
#110    SchedulerBinding._invokeFrameCallback (package:flutter/src/scheduler/binding.dart:1430:15)
#111    SchedulerBinding.handleDrawFrame (package:flutter/src/scheduler/binding.dart:1345:9)
#112    SchedulerBinding._handleDrawFrame (package:flutter/src/scheduler/binding.dart:1198:5)
#116    _invoke (dart:ui/hooks.dart:358:10)
#117    PlatformDispatcher._drawFrame (dart:ui/platform_dispatcher.dart:444:5)
#118    _drawFrame (dart:ui/hooks.dart:328:31)
(elided 3 frames from dart:async)

The following RenderObject was being processed when the exception was fired: RenderStack#b60d2 relayoutBoundary=up39 NEEDS-LAYOUT NEEDS-PAINT NEEDS-COMPOSITING-BITS-UPDATE:
  creator: Stack ← ClipRRect ← _GoldButtonForegroundLayer ← Align ← Padding ← DecoratedBox ←
    _GoldButtonBackgroundLayer ← Listener ← RawGestureDetector ← GestureDetector ← Semantics ←
    DefaultSelectionStyle ← ⋯
  parentData: <none> (can use size)
  constraints: BoxConstraints(0.0<=w<=85.8, 0.0<=h<=Infinity)
  size: MISSING
  alignment: AlignmentDirectional.topStart
  textDirection: ltr
  fit: expand
This RenderObject had the following descendants (showing up to depth 5):
    child 1: RenderConstrainedBox#c840c NEEDS-LAYOUT NEEDS-PAINT
    child 2: RenderPositionedBox#62663 NEEDS-LAYOUT NEEDS-PAINT NEEDS-COMPOSITING-BITS-UPDATE
      child: RenderFittedBox#19a70 NEEDS-LAYOUT NEEDS-PAINT NEEDS-COMPOSITING-BITS-UPDATE
        child: RenderFlex#8a6eb NEEDS-LAYOUT NEEDS-PAINT NEEDS-COMPOSITING-BITS-UPDATE
          child 1: RenderSemanticsAnnotations#1b27c NEEDS-LAYOUT NEEDS-PAINT NEEDS-COMPOSITING-BITS-UPDATE
            child: RenderExcludeSemantics#368d9 NEEDS-LAYOUT NEEDS-PAINT NEEDS-COMPOSITING-BITS-UPDATE
          child 2: RenderConstrainedBox#d560d NEEDS-LAYOUT NEEDS-PAINT
          child 3: RenderParagraph#84ffc NEEDS-LAYOUT NEEDS-PAINT
            text: TextSpan
    child 3: RenderIgnorePointer#592ba NEEDS-LAYOUT NEEDS-PAINT NEEDS-COMPOSITING-BITS-UPDATE
      child: RenderDecoratedBox#9eae1 NEEDS-LAYOUT NEEDS-PAINT
    child 4: RenderIgnorePointer#9ec94 NEEDS-LAYOUT NEEDS-PAINT NEEDS-COMPOSITING-BITS-UPDATE
      child: RenderDecoratedBox#b5d10 NEEDS-LAYOUT NEEDS-PAINT
════════════════════════════════════════════════════════════════════════════════════════════════════

Another exception was thrown: RenderBox was not laid out: RenderStack#b60d2 relayoutBoundary=up39 NEEDS-PAINT NEEDS-COMPOSITING-BITS-UPDATE
Another exception was thrown: RenderBox was not laid out: RenderClipRRect#4325a relayoutBoundary=up38 NEEDS-PAINT NEEDS-COMPOSITING-BITS-UPDATE
Another exception was thrown: RenderBox was not laid out: RenderPositionedBox#5a2aa relayoutBoundary=up37 NEEDS-PAINT NEEDS-COMPOSITING-BITS-UPDATE
Another exception was thrown: RenderBox was not laid out: RenderPadding#13885 relayoutBoundary=up36 NEEDS-PAINT NEEDS-COMPOSITING-BITS-UPDATE
Another exception was thrown: RenderBox was not laid out: RenderDecoratedBox#51830 relayoutBoundary=up35 NEEDS-PAINT NEEDS-COMPOSITING-BITS-UPDATE
Another exception was thrown: RenderBox was not laid out: RenderPointerListener#22a3a relayoutBoundary=up34 NEEDS-PAINT NEEDS-COMPOSITING-BITS-UPDATE
Another exception was thrown: RenderBox was not laid out: RenderSemanticsAnnotations#ec25d relayoutBoundary=up33 NEEDS-PAINT NEEDS-COMPOSITING-BITS-UPDATE
Another exception was thrown: RenderBox was not laid out: RenderMouseRegion#29201 relayoutBoundary=up32 NEEDS-PAINT NEEDS-COMPOSITING-BITS-UPDATE
Another exception was thrown: RenderBox was not laid out: RenderSemanticsAnnotations#4b02b relayoutBoundary=up31 NEEDS-PAINT NEEDS-COMPOSITING-BITS-UPDATE
Another exception was thrown: RenderBox was not laid out: _RenderInkFeatures#db999 relayoutBoundary=up30 NEEDS-PAINT NEEDS-COMPOSITING-BITS-UPDATE
Another exception was thrown: RenderBox was not laid out: RenderCustomPaint#5f162 relayoutBoundary=up29 NEEDS-PAINT NEEDS-COMPOSITING-BITS-UPDATE
Another exception was thrown: RenderBox was not laid out: RenderPhysicalShape#783e0 relayoutBoundary=up28 NEEDS-PAINT NEEDS-COMPOSITING-BITS-UPDATE
Another exception was thrown: RenderBox was not laid out: RenderConstrainedBox#22c52 relayoutBoundary=up27 NEEDS-PAINT NEEDS-COMPOSITING-BITS-UPDATE
Another exception was thrown: RenderBox was not laid out: _RenderInputPadding#1f4b6 relayoutBoundary=up26 NEEDS-PAINT NEEDS-COMPOSITING-BITS-UPDATE
Another exception was thrown: RenderBox was not laid out: RenderSemanticsAnnotations#29ddd relayoutBoundary=up25 NEEDS-PAINT NEEDS-COMPOSITING-BITS-UPDATE
Another exception was thrown: RenderBox was not laid out: RenderFlex#68782 relayoutBoundary=up24 NEEDS-PAINT NEEDS-COMPOSITING-BITS-UPDATE
Another exception was thrown: RenderBox was not laid out: RenderFlex#77d82 relayoutBoundary=up23 NEEDS-PAINT NEEDS-COMPOSITING-BITS-UPDATE
Another exception was thrown: RenderBox was not laid out: RenderPhysicalShape#783e0 relayoutBoundary=up28
I/ImeTracker( 8202): com.verified_dating.verified_dating_app:d31e84a4: onRequestShow at ORIGIN_CLIENT reason SHOW_SOFT_INPUT fromUser false
D/InsetsController( 8202): show(ime())
D/InsetsController( 8202): Setting requestedVisibleTypes to 511 (was 503)
Another exception was thrown: RenderBox was not laid out: RenderPhysicalShape#783e0 relayoutBoundary=up28
D/FlutterJNI( 8202): Sending viewport metrics to the engine.
D/InputConnectionAdaptor( 8202): The input method toggled cursor monitoring on
I/AssistStructure( 8202): Flattened final assist data: 492 bytes, containing 1 windows, 3 views
I/ImeTracker( 8202): com.verified_dating.verified_dating_app:d31e84a4: onCancelled at PHASE_CLIENT_ON_CONTROLS_CHANGED
Another exception was thrown: RenderBox was not laid out: RenderPhysicalShape#783e0 relayoutBoundary=up28
D/FlutterJNI( 8202): Sending viewport metrics to the engine.
D/FlutterJNI( 8202): Sending viewport metrics to the engine.
Another exception was thrown: RenderBox was not laid out: RenderPhysicalShape#783e0 relayoutBoundary=up28
D/FlutterJNI( 8202): Sending viewport metrics to the engine.
Another exception was thrown: RenderBox was not laid out: RenderPhysicalShape#783e0 relayoutBoundary=up28
D/FlutterJNI( 8202): Sending viewport metrics to the engine.
D/FlutterJNI( 8202): Sending viewport metrics to the engine.
Another exception was thrown: RenderBox was not laid out: RenderPhysicalShape#783e0 relayoutBoundary=up28
D/FlutterJNI( 8202): Sending viewport metrics to the engine.
D/FlutterJNI( 8202): Sending viewport metrics to the engine.
Another exception was thrown: RenderBox was not laid out: RenderPhysicalShape#783e0 relayoutBoundary=up28
I/ImeTracker( 8202): com.verified_dating.verified_dating_app:d31e84a4: onShown
D/FlutterJNI( 8202): Sending viewport metrics to the engine.
D/FlutterJNI( 8202): Sending viewport metrics to the engine.
Another exception was thrown: RenderBox was not laid out: RenderPhysicalShape#783e0 relayoutBoundary=up28
D/WindowOnBackDispatcher( 8202): setTopOnBackInvokedCallback (unwrapped): android.view.ImeBackAnimationController@4a758ae
I/flutter ( 8202): {"timestamp":"2026-03-29T05:31:54.550838Z","level":"CRITICAL","message":"flutter_framework_exception","fields":{"library":"rendering library","context":"during performLayout()"},"error":"'package:flutter/src/rendering/box.dart': Failed assertion: line 2251 pos 12: 'hasSize': RenderBox was not laid out: RenderClipRRect#4325a relayoutBoundary=up38 NEEDS-PAINT NEEDS-COMPOSITING-BITS-UPDATE","stack_trace":"#0      _AssertionError._doThrowNew (dart:core-patch/errors_patch.dart:67:4)\n#1      _AssertionError._throwNew (dart:core-patch/errors_patch.dart:49:5)\n#2      RenderBox.size (package:flutter/src/rendering/box.dart:2251:12)\n#3      RenderPositionedBox.performLayout (package:flutter/src/rendering/shifted_box.dart:487:36)\n#4      RenderObject.layout (package:flutter/src/rendering/object.dart:2768:7)\n#5      RenderPadding.performLayout (package:flutter/src/rendering/shifted_box.dart:262:12)\n#6      RenderObject.layout (package:flutter/src/rendering/object.dart:2768:7)\n#7      RenderProxyBoxMixin.performLay
I/flutter ( 8202): {"timestamp":"2026-03-29T05:31:54.572266Z","level":"CRITICAL","message":"flutter_framework_exception","fields":{"library":"rendering library","context":"during performLayout()"},"error":"'package:flutter/src/rendering/box.dart': Failed assertion: line 2251 pos 12: 'hasSize': RenderBox was not laid out: RenderPositionedBox#5a2aa relayoutBoundary=up37 NEEDS-PAINT NEEDS-COMPOSITING-BITS-UPDATE","stack_trace":"#0      _AssertionError._doThrowNew (dart:core-patch/errors_patch.dart:67:4)\n#1      _AssertionError._throwNew (dart:core-patch/errors_patch.dart:49:5)\n#2      RenderBox.size (package:flutter/src/rendering/box.dart:2251:12)\n#3      RenderPadding.performLayout (package:flutter/src/rendering/shifted_box.dart:266:40)\n#4      RenderObject.layout (package:flutter/src/rendering/object.dart:2768:7)\n#5      RenderProxyBoxMixin.performLayout (package:flutter/src/rendering/proxy_box.dart:118:18)\n#6      RenderObject.layout (package:flutter/src/rendering/object.dart:2768:7)\n#7      RenderProxyBoxMixin.performL
Another exception was thrown: RenderBox was not laid out: RenderPhysicalShape#783e0 relayoutBoundary=up28
Another exception was thrown: RenderBox was not laid out: RenderPhysicalShape#783e0 relayoutBoundary=up28
Another exception was thrown: RenderBox was not laid out: RenderPhysicalShape#783e0 relayoutBoundary=up28
I/ImeTracker( 8202): com.verified_dating.verified_dating_app:8763aad9: onRequestHide at ORIGIN_CLIENT reason HIDE_SOFT_INPUT fromUser false
D/InsetsController( 8202): hide(ime())
D/WindowOnBackDispatcher( 8202): setTopOnBackInvokedCallback (unwrapped): io.flutter.embedding.android.FlutterActivity$1@13d2a7b
D/InsetsController( 8202): Setting requestedVisibleTypes to 503 (was 511)
Another exception was thrown: RenderBox was not laid out: RenderPhysicalShape#783e0 relayoutBoundary=up28
D/FlutterJNI( 8202): Sending viewport metrics to the engine.
Another exception was thrown: RenderBox was not laid out: RenderPhysicalShape#783e0 relayoutBoundary=up28
D/FlutterJNI( 8202): Sending viewport metrics to the engine.
I/flutter ( 8202): {"timestamp":"2026-03-29T05:31:54.581412Z","level":"CRITICAL","message":"flutter_framework_exception","fields":{"library":"rendering library","context":"during performLayout()"},"error":"'package:flutter/src/rendering/box.dart': Failed assertion: line 2251 pos 12: 'hasSize': RenderBox was not laid out: RenderPadding#13885 relayoutBoundary=up36 NEEDS-PAINT NEEDS-COMPOSITING-BITS-UPDATE","stack_trace":"#0      _AssertionError._doThrowNew (dart:core-patch/errors_patch.dart:67:4)\n#1      _AssertionError._throwNew (dart:core-patch/errors_patch.dart:49:5)\n#2      RenderBox.size (package:flutter/src/rendering/box.dart:2251:12)\n#3      RenderProxyBoxMixin.performLayout (package:flutter/src/rendering/proxy_box.dart:118:62)\n#4      RenderObject.layout (package:flutter/src/rendering/object.dart:2768:7)\n#5      RenderProxyBoxMixin.performLayout (package:flutter/src/rendering/proxy_box.dart:118:18)\n#6      RenderObject.layout (package:flutter/src/rendering/object.dart:2768:7)\n#7      RenderProxyBoxMixin.performLay
I/flutter ( 8202): {"timestamp":"2026-03-29T05:31:54.588827Z","level":"CRITICAL","message":"flutter_framework_exception","fields":{"library":"rendering library","context":"during performLayout()"},"error":"'package:flutter/src/rendering/box.dart': Failed assertion: line 2251 pos 12: 'hasSize': RenderBox was not laid out: RenderDecoratedBox#51830 relayoutBoundary=up35 NEEDS-PAINT NEEDS-COMPOSITING-BITS-UPDATE","stack_trace":"#0      _AssertionError._doThrowNew (dart:core-patch/errors_patch.dart:67:4)\n#1      _AssertionError._throwNew (dart:core-patch/errors_patch.dart:49:5)\n#2      RenderBox.size (package:flutter/src/rendering/box.dart:2251:12)\n#3      RenderProxyBoxMixin.performLayout (package:flutter/src/rendering/proxy_box.dart:118:62)\n#4      RenderObject.layout (package:flutter/src/rendering/object.dart:2768:7)\n#5      RenderProxyBoxMixin.performLayout (package:flutter/src/rendering/proxy_box.dart:118:18)\n#6      RenderObject.layout (package:flutter/src/rendering/object.dart:2768:7)\n#7      RenderProxyBoxMixin.perfo
I/ImeTracker( 8202): system_server:b70a3b2a: onCancelled at PHASE_CLIENT_ON_CONTROLS_CHANGED
Another exception was thrown: RenderBox was not laid out: RenderPhysicalShape#783e0 relayoutBoundary=up28
D/FlutterJNI( 8202): Sending viewport metrics to the engine.
D/FlutterJNI( 8202): Sending viewport metrics to the engine.
Another exception was thrown: RenderBox was not laid out: RenderPhysicalShape#783e0 relayoutBoundary=up28
D/FlutterJNI( 8202): Sending viewport metrics to the engine.
Another exception was thrown: RenderBox was not laid out: RenderPhysicalShape#783e0 relayoutBoundary=up28
D/FlutterJNI( 8202): Sending viewport metrics to the engine.
D/FlutterJNI( 8202): Sending viewport metrics to the engine.
D/FlutterJNI( 8202): Sending viewport metrics to the engine.
D/FlutterJNI( 8202): Sending viewport metrics to the engine.
D/FlutterJNI( 8202): Sending viewport metrics to the engine.
D/FlutterJNI( 8202): Sending viewport metrics to the engine.
D/FlutterJNI( 8202): Sending viewport metrics to the engine.
I/flutter ( 8202): {"timestamp":"2026-03-29T05:31:54.596978Z","level":"CRITICAL","message":"flutter_framework_exception","fields":{"library":"rendering library","context":"during performLayout()"},"error":"'package:flutter/src/rendering/box.dart': Failed assertion: line 2251 pos 12: 'hasSize': RenderBox was not laid out: RenderPointerListener#22a3a relayoutBoundary=up34 NEEDS-PAINT NEEDS-COMPOSITING-BITS-UPDATE","stack_trace":"#0      _AssertionError._doThrowNew (dart:core-patch/errors_patch.dart:67:4)\n#1      _AssertionError._throwNew (dart:core-patch/errors_patch.dart:49:5)\n#2      RenderBox.size (package:flutter/src/rendering/box.dart:2251:12)\n#3      RenderProxyBoxMixin.performLayout (package:flutter/src/rendering/proxy_box.dart:118:62)\n#4      RenderObject.layout (package:flutter/src/rendering/object.dart:2768:7)\n#5      RenderProxyBoxMixin.performLayout (package:flutter/src/rendering/proxy_box.dart:118:18)\n#6      RenderObject.layout (package:flutter/src/rendering/object.dart:2768:7)\n#7      RenderProxyBoxMixin.pe
I/flutter ( 8202): {"timestamp":"2026-03-29T05:31:54.601676Z","level":"CRITICAL","message":"flutter_framework_exception","fields":{"library":"rendering library","context":"during performLayout()"},"error":"'package:flutter/src/rendering/box.dart': Failed assertion: line 2251 pos 12: 'hasSize': RenderBox was not laid out: RenderSemanticsAnnotations#ec25d relayoutBoundary=up33 NEEDS-PAINT NEEDS-COMPOSITING-BITS-UPDATE","stack_trace":"#0      _AssertionError._doThrowNew (dart:core-patch/errors_patch.dart:67:4)\n#1      _AssertionError._throwNew (dart:core-patch/errors_patch.dart:49:5)\n#2      RenderBox.size (package:flutter/src/rendering/box.dart:2251:12)\n#3      RenderProxyBoxMixin.performLayout (package:flutter/src/rendering/proxy_box.dart:118:62)\n#4      RenderObject.layout (package:flutter/src/rendering/object.dart:2768:7)\n#5      RenderProxyBoxMixin.performLayout (package:flutter/src/rendering/proxy_box.dart:118:18)\n#6      RenderObject.layout (package:flutter/src/rendering/object.dart:2768:7)\n#7      RenderProxyBoxMix
I/flutter ( 8202): {"timestamp":"2026-03-29T05:31:54.611860Z","level":"CRITICAL","message":"flutter_framework_exception","fields":{"library":"rendering library","context":"during performLayout()"},"error":"'package:flutter/src/rendering/box.dart': Failed assertion: line 2251 pos 12: 'hasSize': RenderBox was not laid out: RenderMouseRegion#29201 relayoutBoundary=up32 NEEDS-PAINT NEEDS-COMPOSITING-BITS-UPDATE","stack_trace":"#0      _AssertionError._doThrowNew (dart:core-patch/errors_patch.dart:67:4)\n#1      _AssertionError._throwNew (dart:core-patch/errors_patch.dart:49:5)\n#2      RenderBox.size (package:flutter/src/rendering/box.dart:2251:12)\n#3      RenderProxyBoxMixin.performLayout (package:flutter/src/rendering/proxy_box.dart:118:62)\n#4      RenderObject.layout (package:flutter/src/rendering/object.dart:2768:7)\n#5      RenderProxyBoxMixin.performLayout (package:flutter/src/rendering/proxy_box.dart:118:18)\n#6      RenderObject.layout (package:flutter/src/rendering/object.dart:2768:7)\n#7      RenderProxyBoxMixin.perfor
I/flutter ( 8202): {"timestamp":"2026-03-29T05:31:54.618223Z","level":"CRITICAL","message":"flutter_framework_exception","fields":{"library":"rendering library","context":"during performLayout()"},"error":"'package:flutter/src/rendering/box.dart': Failed assertion: line 2251 pos 12: 'hasSize': RenderBox was not laid out: RenderSemanticsAnnotations#4b02b relayoutBoundary=up31 NEEDS-PAINT NEEDS-COMPOSITING-BITS-UPDATE","stack_trace":"#0      _AssertionError._doThrowNew (dart:core-patch/errors_patch.dart:67:4)\n#1      _AssertionError._throwNew (dart:core-patch/errors_patch.dart:49:5)\n#2      RenderBox.size (package:flutter/src/rendering/box.dart:2251:12)\n#3      RenderProxyBoxMixin.performLayout (package:flutter/src/rendering/proxy_box.dart:118:62)\n#4      RenderObject.layout (package:flutter/src/rendering/object.dart:2768:7)\n#5      RenderProxyBoxMixin.performLayout (package:flutter/src/rendering/proxy_box.dart:118:18)\n#6      RenderCustomPaint.performLayout (package:flutter/src/rendering/custom_paint.dart:574:11)\n#7     
I/flutter ( 8202): {"timestamp":"2026-03-29T05:31:54.624725Z","level":"CRITICAL","message":"flutter_framework_exception","fields":{"library":"rendering library","context":"during performLayout()"},"error":"'package:flutter/src/rendering/box.dart': Failed assertion: line 2251 pos 12: 'hasSize': RenderBox was not laid out: _RenderInkFeatures#db999 relayoutBoundary=up30 NEEDS-PAINT NEEDS-COMPOSITING-BITS-UPDATE","stack_trace":"#0      _AssertionError._doThrowNew (dart:core-patch/errors_patch.dart:67:4)\n#1      _AssertionError._throwNew (dart:core-patch/errors_patch.dart:49:5)\n#2      RenderBox.size (package:flutter/src/rendering/box.dart:2251:12)\n#3      RenderProxyBoxMixin.performLayout (package:flutter/src/rendering/proxy_box.dart:118:62)\n#4      RenderCustomPaint.performLayout (package:flutter/src/rendering/custom_paint.dart:574:11)\n#5      RenderObject.layout (package:flutter/src/rendering/object.dart:2768:7)\n#6      RenderProxyBoxMixin.performLayout (package:flutter/src/rendering/proxy_box.dart:118:18)\n#7      _Render
I/flutter ( 8202): {"timestamp":"2026-03-29T05:31:54.630942Z","level":"CRITICAL","message":"flutter_framework_exception","fields":{"library":"rendering library","context":"during performLayout()"},"error":"'package:flutter/src/rendering/box.dart': Failed assertion: line 2251 pos 12: 'hasSize': RenderBox was not laid out: RenderCustomPaint#5f162 relayoutBoundary=up29 NEEDS-PAINT NEEDS-COMPOSITING-BITS-UPDATE","stack_trace":"#0      _AssertionError._doThrowNew (dart:core-patch/errors_patch.dart:67:4)\n#1      _AssertionError._throwNew (dart:core-patch/errors_patch.dart:49:5)\n#2      RenderBox.size (package:flutter/src/rendering/box.dart:2251:12)\n#3      RenderProxyBoxMixin.performLayout (package:flutter/src/rendering/proxy_box.dart:118:62)\n#4      _RenderCustomClip.performLayout (package:flutter/src/rendering/proxy_box.dart:1549:11)\n#5      RenderObject.layout (package:flutter/src/rendering/object.dart:2768:7)\n#6      RenderConstrainedBox.performLayout (package:flutter/src/rendering/proxy_box.dart:296:14)\n#7      RenderObj
I/flutter ( 8202): {"timestamp":"2026-03-29T05:31:54.637321Z","level":"CRITICAL","message":"flutter_framework_exception","fields":{"library":"rendering library","context":"during performLayout()"},"error":"'package:flutter/src/rendering/box.dart': Failed assertion: line 2251 pos 12: 'hasSize': RenderBox was not laid out: RenderPhysicalShape#783e0 relayoutBoundary=up28 NEEDS-PAINT NEEDS-COMPOSITING-BITS-UPDATE","stack_trace":"#0      _AssertionError._doThrowNew (dart:core-patch/errors_patch.dart:67:4)\n#1      _AssertionError._throwNew (dart:core-patch/errors_patch.dart:49:5)\n#2      RenderBox.size (package:flutter/src/rendering/box.dart:2251:12)\n#3      RenderConstrainedBox.performLayout (package:flutter/src/rendering/proxy_box.dart:297:21)\n#4      RenderObject.layout (package:flutter/src/rendering/object.dart:2768:7)\n#5      ChildLayoutHelper.layoutChild (package:flutter/src/rendering/layout_helper.dart:62:11)\n#6      _RenderInputPadding._computeSize (package:flutter/src/material/button_style_button.dart:698:41)\n#7     
I/flutter ( 8202): {"timestamp":"2026-03-29T05:31:54.643263Z","level":"CRITICAL","message":"flutter_framework_exception","fields":{"library":"rendering library","context":"during performLayout()"},"error":"'package:flutter/src/rendering/box.dart': Failed assertion: line 2251 pos 12: 'hasSize': RenderBox was not laid out: RenderConstrainedBox#22c52 relayoutBoundary=up27 NEEDS-PAINT NEEDS-COMPOSITING-BITS-UPDATE","stack_trace":"#0      _AssertionError._doThrowNew (dart:core-patch/errors_patch.dart:67:4)\n#1      _AssertionError._throwNew (dart:core-patch/errors_patch.dart:49:5)\n#2      RenderBox.size (package:flutter/src/rendering/box.dart:2251:12)\n#3      ChildLayoutHelper.layoutChild (package:flutter/src/rendering/layout_helper.dart:63:18)\n#4      _RenderInputPadding._computeSize (package:flutter/src/material/button_style_button.dart:698:41)\n#5      _RenderInputPadding.performLayout (package:flutter/src/material/button_style_button.dart:728:12)\n#6      RenderObject.layout (package:flutter/src/rendering/object.dart:2768:7)
I/flutter ( 8202): {"timestamp":"2026-03-29T05:31:54.648600Z","level":"CRITICAL","message":"flutter_framework_exception","fields":{"library":"rendering library","context":"during performLayout()"},"error":"'package:flutter/src/rendering/box.dart': Failed assertion: line 2251 pos 12: 'hasSize': RenderBox was not laid out: _RenderInputPadding#1f4b6 relayoutBoundary=up26 NEEDS-PAINT NEEDS-COMPOSITING-BITS-UPDATE","stack_trace":"#0      _AssertionError._doThrowNew (dart:core-patch/errors_patch.dart:67:4)\n#1      _AssertionError._throwNew (dart:core-patch/errors_patch.dart:49:5)\n#2      RenderBox.size (package:flutter/src/rendering/box.dart:2251:12)\n#3      RenderProxyBoxMixin.performLayout (package:flutter/src/rendering/proxy_box.dart:118:62)\n#4      RenderObject.layout (package:flutter/src/rendering/object.dart:2768:7)\n#5      ChildLayoutHelper.layoutChild (package:flutter/src/rendering/layout_helper.dart:62:11)\n#6      RenderFlex._computeSizes (package:flutter/src/rendering/flex.dart:1275:26)\n#7      RenderFlex.performLay
I/flutter ( 8202): {"timestamp":"2026-03-29T05:31:54.653899Z","level":"CRITICAL","message":"flutter_framework_exception","fields":{"library":"rendering library","context":"during performLayout()"},"error":"'package:flutter/src/rendering/box.dart': Failed assertion: line 2251 pos 12: 'hasSize': RenderBox was not laid out: RenderSemanticsAnnotations#29ddd relayoutBoundary=up25 NEEDS-PAINT NEEDS-COMPOSITING-BITS-UPDATE","stack_trace":"#0      _AssertionError._doThrowNew (dart:core-patch/errors_patch.dart:67:4)\n#1      _AssertionError._throwNew (dart:core-patch/errors_patch.dart:49:5)\n#2      RenderBox.size (package:flutter/src/rendering/box.dart:2251:12)\n#3      ChildLayoutHelper.layoutChild (package:flutter/src/rendering/layout_helper.dart:63:18)\n#4      RenderFlex._computeSizes (package:flutter/src/rendering/flex.dart:1275:26)\n#5      RenderFlex.performLayout (package:flutter/src/rendering/flex.dart:1329:32)\n#6      RenderObject.layout (package:flutter/src/rendering/object.dart:2768:7)\n#7      ChildLayoutHelper.layoutChi
I/flutter ( 8202): {"timestamp":"2026-03-29T05:31:54.658754Z","level":"CRITICAL","message":"flutter_framework_exception","fields":{"library":"rendering library","context":"during performLayout()"},"error":"'package:flutter/src/rendering/box.dart': Failed assertion: line 2251 pos 12: 'hasSize': RenderBox was not laid out: RenderFlex#68782 relayoutBoundary=up24 NEEDS-PAINT NEEDS-COMPOSITING-BITS-UPDATE","stack_trace":"#0      _AssertionError._doThrowNew (dart:core-patch/errors_patch.dart:67:4)\n#1      _AssertionError._throwNew (dart:core-patch/errors_patch.dart:49:5)\n#2      RenderBox.size (package:flutter/src/rendering/box.dart:2251:12)\n#3      ChildLayoutHelper.layoutChild (package:flutter/src/rendering/layout_helper.dart:63:18)\n#4      RenderFlex._computeSizes (package:flutter/src/rendering/flex.dart:1237:28)\n#5      RenderFlex.performLayout (package:flutter/src/rendering/flex.dart:1329:32)\n#6      RenderObject.layout (package:flutter/src/rendering/object.dart:2768:7)\n#7      RenderPadding.performLayout (package:flutte
I/flutter ( 8202): {"timestamp":"2026-03-29T05:31:54.667907Z","level":"CRITICAL","message":"flutter_framework_exception","fields":{"library":"rendering library","context":"during performLayout()"},"error":"'package:flutter/src/rendering/box.dart': Failed assertion: line 2251 pos 12: 'hasSize': RenderBox was not laid out: RenderFlex#77d82 relayoutBoundary=up23 NEEDS-PAINT NEEDS-COMPOSITING-BITS-UPDATE","stack_trace":"#0      _AssertionError._doThrowNew (dart:core-patch/errors_patch.dart:67:4)\n#1      _AssertionError._throwNew (dart:core-patch/errors_patch.dart:49:5)\n#2      RenderBox.size (package:flutter/src/rendering/box.dart:2251:12)\n#3      RenderPadding.performLayout (package:flutter/src/rendering/shifted_box.dart:266:40)\n#4      RenderObject.layout (package:flutter/src/rendering/object.dart:2768:7)\n#5      RenderProxyBoxMixin.performLayout (package:flutter/src/rendering/proxy_box.dart:118:18)\n#6      RenderObject.layout (package:flutter/src/rendering/object.dart:2768:7)\n#7      RenderProxyBoxMixin.performLayout (pa
I/flutter ( 8202): {"timestamp":"2026-03-29T05:31:54.681019Z","level":"CRITICAL","message":"flutter_framework_exception","fields":{"library":"rendering library","context":"during paint()"},"error":"'package:flutter/src/rendering/box.dart': Failed assertion: line 2251 pos 12: 'hasSize': RenderBox was not laid out: RenderPhysicalShape#783e0 relayoutBoundary=up28","stack_trace":"#0      _AssertionError._doThrowNew (dart:core-patch/errors_patch.dart:67:4)\n#1      _AssertionError._throwNew (dart:core-patch/errors_patch.dart:49:5)\n#2      RenderBox.size (package:flutter/src/rendering/box.dart:2251:12)\n#3      _RenderCustomClip._updateClip (package:flutter/src/rendering/proxy_box.dart:1556:33)\n#4      RenderPhysicalShape.paint (package:flutter/src/rendering/proxy_box.dart:2317:5)\n#5      RenderObject._paintWithContext (package:flutter/src/rendering/object.dart:3429:7)\n#6      PaintingContext.paintChild (package:flutter/src/rendering/object.dart:265:13)\n#7      RenderProxyBoxMixin.paint (package:flutter/src/rendering/proxy_box.
I/flutter ( 8202): {"timestamp":"2026-03-29T05:31:54.722961Z","level":"CRITICAL","message":"flutter_framework_exception","fields":{"library":"rendering library","context":"during paint()"},"error":"'package:flutter/src/rendering/box.dart': Failed assertion: line 2251 pos 12: 'hasSize': RenderBox was not laid out: RenderPhysicalShape#783e0 relayoutBoundary=up28","stack_trace":"#0      _AssertionError._doThrowNew (dart:core-patch/errors_patch.dart:67:4)\n#1      _AssertionError._throwNew (dart:core-patch/errors_patch.dart:49:5)\n#2      RenderBox.size (package:flutter/src/rendering/box.dart:2251:12)\n#3      _RenderCustomClip._updateClip (package:flutter/src/rendering/proxy_box.dart:1556:33)\n#4      RenderPhysicalShape.paint (package:flutter/src/rendering/proxy_box.dart:2317:5)\n#5      RenderObject._paintWithContext (package:flutter/src/rendering/object.dart:3429:7)\n#6      PaintingContext.paintChild (package:flutter/src/rendering/object.dart:265:13)\n#7      RenderProxyBoxMixin.paint (package:flutter/src/rendering/proxy_box.
I/flutter ( 8202): {"timestamp":"2026-03-29T05:31:54.745778Z","level":"CRITICAL","message":"flutter_framework_exception","fields":{"library":"rendering library","context":"during paint()"},"error":"'package:flutter/src/rendering/box.dart': Failed assertion: line 2251 pos 12: 'hasSize': RenderBox was not laid out: RenderPhysicalShape#783e0 relayoutBoundary=up28","stack_trace":"#0      _AssertionError._doThrowNew (dart:core-patch/errors_patch.dart:67:4)\n#1      _AssertionError._throwNew (dart:core-patch/errors_patch.dart:49:5)\n#2      RenderBox.size (package:flutter/src/rendering/box.dart:2251:12)\n#3      _RenderCustomClip._updateClip (package:flutter/src/rendering/proxy_box.dart:1556:33)\n#4      RenderPhysicalShape.paint (package:flutter/src/rendering/proxy_box.dart:2317:5)\n#5      RenderObject._paintWithContext (package:flutter/src/rendering/object.dart:3429:7)\n#6      PaintingContext.paintChild (package:flutter/src/rendering/object.dart:265:13)\n#7      RenderProxyBoxMixin.paint (package:flutter/src/rendering/proxy_box.
I/flutter ( 8202): {"timestamp":"2026-03-29T05:31:54.781319Z","level":"CRITICAL","message":"flutter_framework_exception","fields":{"library":"rendering library","context":"during paint()"},"error":"'package:flutter/src/rendering/box.dart': Failed assertion: line 2251 pos 12: 'hasSize': RenderBox was not laid out: RenderPhysicalShape#783e0 relayoutBoundary=up28","stack_trace":"#0      _AssertionError._doThrowNew (dart:core-patch/errors_patch.dart:67:4)\n#1      _AssertionError._throwNew (dart:core-patch/errors_patch.dart:49:5)\n#2      RenderBox.size (package:flutter/src/rendering/box.dart:2251:12)\n#3      _RenderCustomClip._updateClip (package:flutter/src/rendering/proxy_box.dart:1556:33)\n#4      RenderPhysicalShape.paint (package:flutter/src/rendering/proxy_box.dart:2317:5)\n#5      RenderObject._paintWithContext (package:flutter/src/rendering/object.dart:3429:7)\n#6      PaintingContext.paintChild (package:flutter/src/rendering/object.dart:265:13)\n#7      RenderProxyBoxMixin.paint (package:flutter/src/rendering/proxy_box.
I/flutter ( 8202): {"timestamp":"2026-03-29T05:31:54.818234Z","level":"CRITICAL","message":"flutter_framework_exception","fields":{"library":"rendering library","context":"during paint()"},"error":"'package:flutter/src/rendering/box.dart': Failed assertion: line 2251 pos 12: 'hasSize': RenderBox was not laid out: RenderPhysicalShape#783e0 relayoutBoundary=up28","stack_trace":"#0      _AssertionError._doThrowNew (dart:core-patch/errors_patch.dart:67:4)\n#1      _AssertionError._throwNew (dart:core-patch/errors_patch.dart:49:5)\n#2      RenderBox.size (package:flutter/src/rendering/box.dart:2251:12)\n#3      _RenderCustomClip._updateClip (package:flutter/src/rendering/proxy_box.dart:1556:33)\n#4      RenderPhysicalShape.paint (package:flutter/src/rendering/proxy_box.dart:2317:5)\n#5      RenderObject._paintWithContext (package:flutter/src/rendering/object.dart:3429:7)\n#6      PaintingContext.paintChild (package:flutter/src/rendering/object.dart:265:13)\n#7      RenderProxyBoxMixin.paint (package:flutter/src/rendering/proxy_box.
I/flutter ( 8202): {"timestamp":"2026-03-29T05:31:54.851882Z","level":"CRITICAL","message":"flutter_framework_exception","fields":{"library":"rendering library","context":"during paint()"},"error":"'package:flutter/src/rendering/box.dart': Failed assertion: line 2251 pos 12: 'hasSize': RenderBox was not laid out: RenderPhysicalShape#783e0 relayoutBoundary=up28","stack_trace":"#0      _AssertionError._doThrowNew (dart:core-patch/errors_patch.dart:67:4)\n#1      _AssertionError._throwNew (dart:core-patch/errors_patch.dart:49:5)\n#2      RenderBox.size (package:flutter/src/rendering/box.dart:2251:12)\n#3      _RenderCustomClip._updateClip (package:flutter/src/rendering/proxy_box.dart:1556:33)\n#4      RenderPhysicalShape.paint (package:flutter/src/rendering/proxy_box.dart:2317:5)\n#5      RenderObject._paintWithContext (package:flutter/src/rendering/object.dart:3429:7)\n#6      PaintingContext.paintChild (package:flutter/src/rendering/object.dart:265:13)\n#7      RenderProxyBoxMixin.paint (package:flutter/src/rendering/proxy_box.
I/flutter ( 8202): {"timestamp":"2026-03-29T05:31:54.892739Z","level":"CRITICAL","message":"flutter_framework_exception","fields":{"library":"rendering library","context":"during paint()"},"error":"'package:flutter/src/rendering/box.dart': Failed assertion: line 2251 pos 12: 'hasSize': RenderBox was not laid out: RenderPhysicalShape#783e0 relayoutBoundary=up28","stack_trace":"#0      _AssertionError._doThrowNew (dart:core-patch/errors_patch.dart:67:4)\n#1      _AssertionError._throwNew (dart:core-patch/errors_patch.dart:49:5)\n#2      RenderBox.size (package:flutter/src/rendering/box.dart:2251:12)\n#3      _RenderCustomClip._updateClip (package:flutter/src/rendering/proxy_box.dart:1556:33)\n#4      RenderPhysicalShape.paint (package:flutter/src/rendering/proxy_box.dart:2317:5)\n#5      RenderObject._paintWithContext (package:flutter/src/rendering/object.dart:3429:7)\n#6      PaintingContext.paintChild (package:flutter/src/rendering/object.dart:265:13)\n#7      RenderProxyBoxMixin.paint (package:flutter/src/rendering/proxy_box.
I/flutter ( 8202): {"timestamp":"2026-03-29T05:31:55.049377Z","level":"CRITICAL","message":"flutter_framework_exception","fields":{"library":"rendering library","context":"during paint()"},"error":"'package:flutter/src/rendering/box.dart': Failed assertion: line 2251 pos 12: 'hasSize': RenderBox was not laid out: RenderPhysicalShape#783e0 relayoutBoundary=up28","stack_trace":"#0      _AssertionError._doThrowNew (dart:core-patch/errors_patch.dart:67:4)\n#1      _AssertionError._throwNew (dart:core-patch/errors_patch.dart:49:5)\n#2      RenderBox.size (package:flutter/src/rendering/box.dart:2251:12)\n#3      _RenderCustomClip._updateClip (package:flutter/src/rendering/proxy_box.dart:1556:33)\n#4      RenderPhysicalShape.paint (package:flutter/src/rendering/proxy_box.dart:2317:5)\n#5      RenderObject._paintWithContext (package:flutter/src/rendering/object.dart:3429:7)\n#6      PaintingContext.paintChild (package:flutter/src/rendering/object.dart:265:13)\n#7      RenderProxyBoxMixin.paint (package:flutter/src/rendering/proxy_box.
I/flutter ( 8202): {"timestamp":"2026-03-29T05:31:55.623958Z","level":"CRITICAL","message":"flutter_framework_exception","fields":{"library":"rendering library","context":"during paint()"},"error":"'package:flutter/src/rendering/box.dart': Failed assertion: line 2251 pos 12: 'hasSize': RenderBox was not laid out: RenderPhysicalShape#783e0 relayoutBoundary=up28","stack_trace":"#0      _AssertionError._doThrowNew (dart:core-patch/errors_patch.dart:67:4)\n#1      _AssertionError._throwNew (dart:core-patch/errors_patch.dart:49:5)\n#2      RenderBox.size (package:flutter/src/rendering/box.dart:2251:12)\n#3      _RenderCustomClip._updateClip (package:flutter/src/rendering/proxy_box.dart:1556:33)\n#4      RenderPhysicalShape.paint (package:flutter/src/rendering/proxy_box.dart:2317:5)\n#5      RenderObject._paintWithContext (package:flutter/src/rendering/object.dart:3429:7)\n#6      PaintingContext.paintChild (package:flutter/src/rendering/object.dart:265:13)\n#7      RenderProxyBoxMixin.paint (package:flutter/src/rendering/proxy_box.
I/flutter ( 8202): {"timestamp":"2026-03-29T05:31:55.639979Z","level":"CRITICAL","message":"flutter_framework_exception","fields":{"library":"rendering library","context":"during paint()"},"error":"'package:flutter/src/rendering/box.dart': Failed assertion: line 2251 pos 12: 'hasSize': RenderBox was not laid out: RenderPhysicalShape#783e0 relayoutBoundary=up28","stack_trace":"#0      _AssertionError._doThrowNew (dart:core-patch/errors_patch.dart:67:4)\n#1      _AssertionError._throwNew (dart:core-patch/errors_patch.dart:49:5)\n#2      RenderBox.size (package:flutter/src/rendering/box.dart:2251:12)\n#3      _RenderCustomClip._updateClip (package:flutter/src/rendering/proxy_box.dart:1556:33)\n#4      RenderPhysicalShape.paint (package:flutter/src/rendering/proxy_box.dart:2317:5)\n#5      RenderObject._paintWithContext (package:flutter/src/rendering/object.dart:3429:7)\n#6      PaintingContext.paintChild (package:flutter/src/rendering/object.dart:265:13)\n#7      RenderProxyBoxMixin.paint (package:flutter/src/rendering/proxy_box.
I/flutter ( 8202): {"timestamp":"2026-03-29T05:31:56.496834Z","level":"CRITICAL","message":"flutter_framework_exception","fields":{"library":"rendering library","context":"during paint()"},"error":"'package:flutter/src/rendering/box.dart': Failed assertion: line 2251 pos 12: 'hasSize': RenderBox was not laid out: RenderPhysicalShape#783e0 relayoutBoundary=up28","stack_trace":"#0      _AssertionError._doThrowNew (dart:core-patch/errors_patch.dart:67:4)\n#1      _AssertionError._throwNew (dart:core-patch/errors_patch.dart:49:5)\n#2      RenderBox.size (package:flutter/src/rendering/box.dart:2251:12)\n#3      _RenderCustomClip._updateClip (package:flutter/src/rendering/proxy_box.dart:1556:33)\n#4      RenderPhysicalShape.paint (package:flutter/src/rendering/proxy_box.dart:2317:5)\n#5      RenderObject._paintWithContext (package:flutter/src/rendering/object.dart:3429:7)\n#6      PaintingContext.paintChild (package:flutter/src/rendering/object.dart:265:13)\n#7      RenderProxyBoxMixin.paint (package:flutter/src/rendering/proxy_box.
I/flutter ( 8202): {"timestamp":"2026-03-29T05:31:56.517126Z","level":"CRITICAL","message":"flutter_framework_exception","fields":{"library":"rendering library","context":"during paint()"},"error":"'package:flutter/src/rendering/box.dart': Failed assertion: line 2251 pos 12: 'hasSize': RenderBox was not laid out: RenderPhysicalShape#783e0 relayoutBoundary=up28","stack_trace":"#0      _AssertionError._doThrowNew (dart:core-patch/errors_patch.dart:67:4)\n#1      _AssertionError._throwNew (dart:core-patch/errors_patch.dart:49:5)\n#2      RenderBox.size (package:flutter/src/rendering/box.dart:2251:12)\n#3      _RenderCustomClip._updateClip (package:flutter/src/rendering/proxy_box.dart:1556:33)\n#4      RenderPhysicalShape.paint (package:flutter/src/rendering/proxy_box.dart:2317:5)\n#5      RenderObject._paintWithContext (package:flutter/src/rendering/object.dart:3429:7)\n#6      PaintingContext.paintChild (package:flutter/src/rendering/object.dart:265:13)\n#7      RenderProxyBoxMixin.paint (package:flutter/src/rendering/proxy_box.
I/flutter ( 8202): {"timestamp":"2026-03-29T05:31:56.561060Z","level":"CRITICAL","message":"flutter_framework_exception","fields":{"library":"rendering library","context":"during paint()"},"error":"'package:flutter/src/rendering/box.dart': Failed assertion: line 2251 pos 12: 'hasSize': RenderBox was not laid out: RenderPhysicalShape#783e0 relayoutBoundary=up28","stack_trace":"#0      _AssertionError._doThrowNew (dart:core-patch/errors_patch.dart:67:4)\n#1      _AssertionError._throwNew (dart:core-patch/errors_patch.dart:49:5)\n#2      RenderBox.size (package:flutter/src/rendering/box.dart:2251:12)\n#3      _RenderCustomClip._updateClip (package:flutter/src/rendering/proxy_box.dart:1556:33)\n#4      RenderPhysicalShape.paint (package:flutter/src/rendering/proxy_box.dart:2317:5)\n#5      RenderObject._paintWithContext (package:flutter/src/rendering/object.dart:3429:7)\n#6      PaintingContext.paintChild (package:flutter/src/rendering/object.dart:265:13)\n#7      RenderProxyBoxMixin.paint (package:flutter/src/rendering/proxy_box.
I/flutter ( 8202): {"timestamp":"2026-03-29T05:31:56.620819Z","level":"CRITICAL","message":"flutter_framework_exception","fields":{"library":"rendering library","context":"during paint()"},"error":"'package:flutter/src/rendering/box.dart': Failed assertion: line 2251 pos 12: 'hasSize': RenderBox was not laid out: RenderPhysicalShape#783e0 relayoutBoundary=up28","stack_trace":"#0      _AssertionError._doThrowNew (dart:core-patch/errors_patch.dart:67:4)\n#1      _AssertionError._throwNew (dart:core-patch/errors_patch.dart:49:5)\n#2      RenderBox.size (package:flutter/src/rendering/box.dart:2251:12)\n#3      _RenderCustomClip._updateClip (package:flutter/src/rendering/proxy_box.dart:1556:33)\n#4      RenderPhysicalShape.paint (package:flutter/src/rendering/proxy_box.dart:2317:5)\n#5      RenderObject._paintWithContext (package:flutter/src/rendering/object.dart:3429:7)\n#6      PaintingContext.paintChild (package:flutter/src/rendering/object.dart:265:13)\n#7      RenderProxyBoxMixin.paint (package:flutter/src/rendering/proxy_box.
I/flutter ( 8202): {"timestamp":"2026-03-29T05:31:56.658300Z","level":"CRITICAL","message":"flutter_framework_exception","fields":{"library":"rendering library","context":"during paint()"},"error":"'package:flutter/src/rendering/box.dart': Failed assertion: line 2251 pos 12: 'hasSize': RenderBox was not laid out: RenderPhysicalShape#783e0 relayoutBoundary=up28","stack_trace":"#0      _AssertionError._doThrowNew (dart:core-patch/errors_patch.dart:67:4)\n#1      _AssertionError._throwNew (dart:core-patch/errors_patch.dart:49:5)\n#2      RenderBox.size (package:flutter/src/rendering/box.dart:2251:12)\n#3      _RenderCustomClip._updateClip (package:flutter/src/rendering/proxy_box.dart:1556:33)\n#4      RenderPhysicalShape.paint (package:flutter/src/rendering/proxy_box.dart:2317:5)\n#5      RenderObject._paintWithContext (package:flutter/src/rendering/object.dart:3429:7)\n#6      PaintingContext.paintChild (package:flutter/src/rendering/object.dart:265:13)\n#7      RenderProxyBoxMixin.paint (package:flutter/src/rendering/proxy_box.
I/flutter ( 8202): {"timestamp":"2026-03-29T05:31:56.681931Z","level":"CRITICAL","message":"flutter_framework_exception","fields":{"library":"rendering library","context":"during paint()"},"error":"'package:flutter/src/rendering/box.dart': Failed assertion: line 2251 pos 12: 'hasSize': RenderBox was not laid out: RenderPhysicalShape#783e0 relayoutBoundary=up28","stack_trace":"#0      _AssertionError._doThrowNew (dart:core-patch/errors_patch.dart:67:4)\n#1      _AssertionError._throwNew (dart:core-patch/errors_patch.dart:49:5)\n#2      RenderBox.size (package:flutter/src/rendering/box.dart:2251:12)\n#3      _RenderCustomClip._updateClip (package:flutter/src/rendering/proxy_box.dart:1556:33)\n#4      RenderPhysicalShape.paint (package:flutter/src/rendering/proxy_box.dart:2317:5)\n#5      RenderObject._paintWithContext (package:flutter/src/rendering/object.dart:3429:7)\n#6      PaintingContext.paintChild (package:flutter/src/rendering/object.dart:265:13)\n#7      RenderProxyBoxMixin.paint (package:flutter/src/rendering/proxy_box.
W/fied_dating_app( 8202): Reducing the number of considered missed Gc histogram windows from 119 to 100
W/fied_dating_app( 8202): Reducing the number of considered missed Gc histogram windows from 252 to 100
