Flutter crash report.
Please report a bug at https://github.com/flutter/flutter/issues.

## command

flutter run -d chrome

## exception

_TypeError: Null check operator used on a null value

```
#0      currentPackageConfig (package:flutter_tools/src/dart/package_map.dart:16:56)
#1      loadDwdsDirectory (package:flutter_tools/src/isolated/web_server_utilities.dart:36:45)
#2      WebAssetServer.start (package:flutter_tools/src/isolated/web_asset_server.dart:315:39)
<asynchronous suspension>
#3      WebDevFS.create (package:flutter_tools/src/isolated/devfs_web.dart:205:22)
<asynchronous suspension>
#4      ResidentWebRunner.run.<anonymous closure> (package:flutter_tools/src/isolated/resident_web_runner.dart:328:19)
<asynchronous suspension>
#5      asyncGuard.<anonymous closure> (package:flutter_tools/src/base/async_guard.dart:108:24)
<asynchronous suspension>
```

## flutter doctor

```
[32m[‚úď][39m Flutter (Channel stable, 3.41.2, on macOS 26.2 25C56 darwin-arm64, locale
    en-IN) [96ms]
    [32m‚ÄĘ[39m Flutter version 3.41.2 on channel stable at /Users/anandsadasivan/flutter
    [32m‚ÄĘ[39m Upstream repository https://github.com/flutter/flutter.git
    [32m‚ÄĘ[39m Framework revision 90673a4eef (4 weeks ago), 2026-02-18 13:54:59 -0800
    [32m‚ÄĘ[39m Engine revision 6c0baaebf7
    [32m‚ÄĘ[39m Dart version 3.11.0
    [32m‚ÄĘ[39m DevTools version 2.54.1
    [32m‚ÄĘ[39m Feature flags: enable-web, enable-linux-desktop, enable-macos-desktop,
      enable-windows-desktop, enable-android, enable-ios, cli-animations,
      enable-native-assets, omit-legacy-version-file, enable-lldb-debugging,
      enable-uiscene-migration

[32m[‚úď][39m Android toolchain - develop for Android devices (Android SDK version 36.1.0)
    [10.8s]
    [32m‚ÄĘ[39m Android SDK at /Users/anandsadasivan/Library/Android/sdk
    [32m‚ÄĘ[39m Emulator version 36.4.9.0 (build_id 14788078) (CL:N/A)
    [32m‚ÄĘ[39m Platform android-36, build-tools 36.1.0
    [32m‚ÄĘ[39m ANDROID_HOME = /Users/anandsadasivan/Library/Android/sdk
    [32m‚ÄĘ[39m Java binary at: /Applications/Android
      Studio.app/Contents/jbr/Contents/Home/bin/java
      This is the JDK bundled with the latest Android Studio installation on
      this machine.
      To manually set the JDK path, use: `flutter config
      --jdk-dir="path/to/jdk"`.
    [32m‚ÄĘ[39m Java version OpenJDK Runtime Environment (build 21.0.8+-14196175-b1038.72)
    [32m‚ÄĘ[39m All Android licenses accepted.

[31m[‚úó][39m Xcode - develop for iOS and macOS [76ms]
    [31m‚úó[39m Xcode installation is incomplete; a full installation is necessary for iOS
      and macOS development.
      Download at: https://developer.apple.com/xcode/
      Or install Xcode via the App Store.
      Once installed, run:
        sudo xcode-select --switch /Applications/Xcode.app/Contents/Developer
        sudo xcodebuild -runFirstLaunch
    [31m‚úó[39m CocoaPods not installed.
        CocoaPods is a package manager for iOS or macOS platform code.
        Without CocoaPods, plugins will not work on iOS or macOS.
        For more info, see https://flutter.dev/to/platform-plugins
      For installation instructions, see
      https://guides.cocoapods.org/using/getting-started.html#installation

[32m[‚úď][39m Chrome - develop for the web [31ms]
    [32m‚ÄĘ[39m Chrome at /Applications/Google Chrome.app/Contents/MacOS/Google Chrome

[32m[‚úď][39m Connected device (2 available) [93ms]
    [32m‚ÄĘ[39m macOS (desktop) ‚ÄĘ macos  ‚ÄĘ darwin-arm64   ‚ÄĘ macOS 26.2 25C56 darwin-arm64
    [32m‚ÄĘ[39m Chrome (web)    ‚ÄĘ chrome ‚ÄĘ web-javascript ‚ÄĘ Google Chrome 146.0.7680.153

[32m[‚úď][39m Network resources [2.5s]
    [32m‚ÄĘ[39m All expected network resources are available.

[33m![39m Doctor found issues in 1 category.
```
